[2024-10-24T15:11:05.215808+00:00] GameLogger.INFO: Esta entrada es de informacion [] {"file":"/var/www/php/App/Controllers/GameController.php","line":59,"class":"Joc4enRatlla\\Controllers\\GameController","callType":"->","function":"play"}
[2024-10-24T15:11:05.235452+00:00] GameLogger.ERROR: Esta entrada es de error [] {"file":"/var/www/php/App/Controllers/GameController.php","line":60,"class":"Joc4enRatlla\\Controllers\\GameController","callType":"->","function":"play"}
[2024-10-24T15:11:18.217826+00:00] GameLogger.INFO: Esta entrada es de informacion [] {"file":"/var/www/php/App/Controllers/GameController.php","line":59,"class":"Joc4enRatlla\\Controllers\\GameController","callType":"->","function":"play"}
[2024-10-24T15:11:18.220444+00:00] GameLogger.ERROR: Esta entrada es de error [] {"file":"/var/www/php/App/Controllers/GameController.php","line":60,"class":"Joc4enRatlla\\Controllers\\GameController","callType":"->","function":"play"}
[2024-10-24T15:12:12.976112+00:00] GameLogger.INFO: Esta entrada es de informacion {"board":{"Joc4enRatlla\\Models\\Board":[]},"players":{"1":{"Joc4enRatlla\\Models\\Player":[]},"2":{"Joc4enRatlla\\Models\\Player":[]}},"winner":null,"scores":{"1":16,"2":3}} {"file":"/var/www/php/App/Controllers/GameController.php","line":59,"class":"Joc4enRatlla\\Controllers\\GameController","callType":"->","function":"play"}
[2024-10-24T15:13:15.753150+00:00] GameLogger.INFO: Un jugador a hecho un movimiento {"columna":"7"} {"file":"/var/www/php/App/Controllers/GameController.php","line":42,"class":"Joc4enRatlla\\Controllers\\GameController","callType":"->","function":"play"}
[2024-10-24T15:13:29.824229+00:00] GameLogger.INFO: Un jugador a hecho un movimiento {"columna":"7"} {"file":"/var/www/php/App/Controllers/GameController.php","line":42,"class":"Joc4enRatlla\\Controllers\\GameController","callType":"->","function":"play"}
[2024-10-24T15:18:37.425335+00:00] GameLogger.INFO: Un jugador a hecho un movimiento a la columna {"columna":"7"} {"file":"/var/www/php/App/Controllers/GameController.php","line":42,"class":"Joc4enRatlla\\Controllers\\GameController","callType":"->","function":"play"}
[2024-10-24T15:18:40.094469+00:00] GameLogger.INFO: Un jugador a hecho un movimiento a la columna {"columna":"7"} {"file":"/var/www/php/App/Controllers/GameController.php","line":42,"class":"Joc4enRatlla\\Controllers\\GameController","callType":"->","function":"play"}
[2024-10-24T15:18:42.923761+00:00] GameLogger.WARNING: Se ha cerrado el juego con esta tabla {"1":{"1":"buid","2":"buid","3":"buid","4":"buid","5":"buid","6":"buid","7":"buid"},"2":{"1":"buid","2":"buid","3":"buid","4":"buid","5":"buid","6":"buid","7":"buid"},"3":{"1":"buid","2":"buid","3":"buid","4":"buid","5":"buid","6":"buid","7":"buid"},"4":{"1":"buid","2":"buid","3":"buid","4":"buid","5":"buid","6":"buid","7":"buid"},"5":{"1":"buid","2":"buid","3":"buid","4":"player2","5":"buid","6":"buid","7":"player1"},"6":{"1":"buid","2":"buid","3":"buid","4":"player2","5":"buid","6":"buid","7":"player1"}} {"file":"/var/www/php/App/Controllers/GameController.php","line":49,"class":"Joc4enRatlla\\Controllers\\GameController","callType":"->","function":"play"}
[2024-10-24T15:25:47.388349+00:00] GameLogger.INFO: Un jugador a hecho un movimiento a la columna {"columna":"7"} {"file":"/var/www/php/App/Controllers/GameController.php","line":42,"class":"Joc4enRatlla\\Controllers\\GameController","callType":"->","function":"play"}
[2024-10-24T15:25:48.869344+00:00] GameLogger.INFO: Un jugador a hecho un movimiento a la columna {"columna":"5"} {"file":"/var/www/php/App/Controllers/GameController.php","line":42,"class":"Joc4enRatlla\\Controllers\\GameController","callType":"->","function":"play"}
[2024-10-24T15:25:50.771577+00:00] GameLogger.INFO: Un jugador a hecho un movimiento a la columna {"columna":"5"} {"file":"/var/www/php/App/Controllers/GameController.php","line":42,"class":"Joc4enRatlla\\Controllers\\GameController","callType":"->","function":"play"}
[2024-10-24T15:25:51.938913+00:00] GameLogger.INFO: Un jugador a hecho un movimiento a la columna {"columna":"3"} {"file":"/var/www/php/App/Controllers/GameController.php","line":42,"class":"Joc4enRatlla\\Controllers\\GameController","callType":"->","function":"play"}
[2024-10-24T15:25:53.253812+00:00] GameLogger.INFO: Un jugador a hecho un movimiento a la columna {"columna":"3"} {"file":"/var/www/php/App/Controllers/GameController.php","line":42,"class":"Joc4enRatlla\\Controllers\\GameController","callType":"->","function":"play"}
[2024-10-24T15:25:56.920196+00:00] GameLogger.INFO: Un jugador a hecho un movimiento a la columna {"columna":"3"} {"file":"/var/www/php/App/Controllers/GameController.php","line":42,"class":"Joc4enRatlla\\Controllers\\GameController","callType":"->","function":"play"}
[2024-10-24T15:32:38.712119+00:00] GameLogger.INFO: Un jugador a hecho un movimiento a la columna {"columna":"3"} {"file":"/var/www/php/App/Controllers/GameController.php","line":45,"class":"Joc4enRatlla\\Controllers\\GameController","callType":"->","function":"play"}
[2024-10-24T15:33:27.576563+00:00] GameLogger.INFO: Un jugador a hecho un movimiento a la columna {"columna":"3"} {"file":"/var/www/php/App/Controllers/GameController.php","line":46,"class":"Joc4enRatlla\\Controllers\\GameController","callType":"->","function":"play"}
[2024-10-24T15:35:08.554083+00:00] GameLogger.INFO: Un jugador a hecho un movimiento a la columna {"columna":"3"} {"file":"/var/www/php/App/Controllers/GameController.php","line":46,"class":"Joc4enRatlla\\Controllers\\GameController","callType":"->","function":"play"}
[2024-10-24T15:35:20.386501+00:00] GameLogger.INFO: Un jugador a hecho un movimiento a la columna {"columna":"3"} {"file":"/var/www/php/App/Controllers/GameController.php","line":46,"class":"Joc4enRatlla\\Controllers\\GameController","callType":"->","function":"play"}
[2024-10-24T15:35:24.404839+00:00] GameLogger.INFO: Un jugador a hecho un movimiento a la columna {"columna":"3"} {"file":"/var/www/php/App/Controllers/GameController.php","line":46,"class":"Joc4enRatlla\\Controllers\\GameController","callType":"->","function":"play"}
[2024-10-24T15:35:25.172736+00:00] GameLogger.INFO: Un jugador a hecho un movimiento a la columna {"columna":"3"} {"file":"/var/www/php/App/Controllers/GameController.php","line":46,"class":"Joc4enRatlla\\Controllers\\GameController","callType":"->","function":"play"}
[2024-10-24T15:35:26.000822+00:00] GameLogger.INFO: Un jugador a hecho un movimiento a la columna {"columna":"3"} {"file":"/var/www/php/App/Controllers/GameController.php","line":46,"class":"Joc4enRatlla\\Controllers\\GameController","callType":"->","function":"play"}
[2024-10-24T15:35:26.853049+00:00] GameLogger.INFO: Un jugador a hecho un movimiento a la columna {"columna":"3"} {"file":"/var/www/php/App/Controllers/GameController.php","line":46,"class":"Joc4enRatlla\\Controllers\\GameController","callType":"->","function":"play"}
[2024-10-24T15:35:27.876017+00:00] GameLogger.INFO: Un jugador a hecho un movimiento a la columna {"columna":"5"} {"file":"/var/www/php/App/Controllers/GameController.php","line":46,"class":"Joc4enRatlla\\Controllers\\GameController","callType":"->","function":"play"}
[2024-10-24T15:35:29.557927+00:00] GameLogger.INFO: Un jugador a hecho un movimiento a la columna {"columna":"5"} {"file":"/var/www/php/App/Controllers/GameController.php","line":46,"class":"Joc4enRatlla\\Controllers\\GameController","callType":"->","function":"play"}
[2024-10-24T15:36:37.791235+00:00] GameLogger.INFO: Un jugador a hecho un movimiento a la columna {"columna":"7"} {"file":"/var/www/php/App/Controllers/GameController.php","line":46,"class":"Joc4enRatlla\\Controllers\\GameController","callType":"->","function":"play"}
[2024-10-24T15:36:38.496119+00:00] GameLogger.INFO: Un jugador a hecho un movimiento a la columna {"columna":"7"} {"file":"/var/www/php/App/Controllers/GameController.php","line":46,"class":"Joc4enRatlla\\Controllers\\GameController","callType":"->","function":"play"}
[2024-10-24T15:36:39.273671+00:00] GameLogger.INFO: Un jugador a hecho un movimiento a la columna {"columna":"7"} {"file":"/var/www/php/App/Controllers/GameController.php","line":46,"class":"Joc4enRatlla\\Controllers\\GameController","callType":"->","function":"play"}
[2024-10-24T15:36:40.142668+00:00] GameLogger.INFO: Un jugador a hecho un movimiento a la columna {"columna":"7"} {"file":"/var/www/php/App/Controllers/GameController.php","line":46,"class":"Joc4enRatlla\\Controllers\\GameController","callType":"->","function":"play"}
[2024-10-24T15:36:40.582508+00:00] GameLogger.INFO: Un jugador a hecho un movimiento a la columna {"columna":"7"} {"file":"/var/www/php/App/Controllers/GameController.php","line":46,"class":"Joc4enRatlla\\Controllers\\GameController","callType":"->","function":"play"}
[2024-10-24T15:36:41.059435+00:00] GameLogger.INFO: Un jugador a hecho un movimiento a la columna {"columna":"7"} {"file":"/var/www/php/App/Controllers/GameController.php","line":46,"class":"Joc4enRatlla\\Controllers\\GameController","callType":"->","function":"play"}
[2024-10-24T15:36:44.246454+00:00] GameLogger.INFO: Un jugador a hecho un movimiento a la columna {"columna":"7"} {"file":"/var/www/php/App/Controllers/GameController.php","line":46,"class":"Joc4enRatlla\\Controllers\\GameController","callType":"->","function":"play"}
[2024-10-24T15:36:45.564016+00:00] GameLogger.INFO: Un jugador a hecho un movimiento a la columna {"columna":"7"} {"file":"/var/www/php/App/Controllers/GameController.php","line":46,"class":"Joc4enRatlla\\Controllers\\GameController","callType":"->","function":"play"}
[2024-10-24T15:36:46.030799+00:00] GameLogger.INFO: Un jugador a hecho un movimiento a la columna {"columna":"7"} {"file":"/var/www/php/App/Controllers/GameController.php","line":46,"class":"Joc4enRatlla\\Controllers\\GameController","callType":"->","function":"play"}
[2024-10-24T15:36:46.810932+00:00] GameLogger.INFO: Un jugador a hecho un movimiento a la columna {"columna":"7"} {"file":"/var/www/php/App/Controllers/GameController.php","line":46,"class":"Joc4enRatlla\\Controllers\\GameController","callType":"->","function":"play"}
[2024-10-24T15:36:48.974744+00:00] GameLogger.INFO: Un jugador a hecho un movimiento a la columna {"columna":"5"} {"file":"/var/www/php/App/Controllers/GameController.php","line":46,"class":"Joc4enRatlla\\Controllers\\GameController","callType":"->","function":"play"}
[2024-10-24T15:36:50.753259+00:00] GameLogger.INFO: Un jugador a hecho un movimiento a la columna {"columna":"7"} {"file":"/var/www/php/App/Controllers/GameController.php","line":46,"class":"Joc4enRatlla\\Controllers\\GameController","callType":"->","function":"play"}
[2024-10-24T15:36:51.675285+00:00] GameLogger.INFO: Un jugador a hecho un movimiento a la columna {"columna":"7"} {"file":"/var/www/php/App/Controllers/GameController.php","line":46,"class":"Joc4enRatlla\\Controllers\\GameController","callType":"->","function":"play"}
[2024-10-24T15:36:53.030410+00:00] GameLogger.INFO: Un jugador a hecho un movimiento a la columna {"columna":"5"} {"file":"/var/www/php/App/Controllers/GameController.php","line":46,"class":"Joc4enRatlla\\Controllers\\GameController","callType":"->","function":"play"}
[2024-10-24T15:37:29.677445+00:00] GameLogger.INFO: Un jugador a hecho un movimiento a la columna {"columna":"7"} {"file":"/var/www/php/App/Controllers/GameController.php","line":46,"class":"Joc4enRatlla\\Controllers\\GameController","callType":"->","function":"play"}
[2024-10-24T15:37:30.563876+00:00] GameLogger.INFO: Un jugador a hecho un movimiento a la columna {"columna":"7"} {"file":"/var/www/php/App/Controllers/GameController.php","line":46,"class":"Joc4enRatlla\\Controllers\\GameController","callType":"->","function":"play"}
[2024-10-24T15:37:31.447894+00:00] GameLogger.INFO: Un jugador a hecho un movimiento a la columna {"columna":"7"} {"file":"/var/www/php/App/Controllers/GameController.php","line":46,"class":"Joc4enRatlla\\Controllers\\GameController","callType":"->","function":"play"}
[2024-10-24T15:37:32.183031+00:00] GameLogger.INFO: Un jugador a hecho un movimiento a la columna {"columna":"7"} {"file":"/var/www/php/App/Controllers/GameController.php","line":46,"class":"Joc4enRatlla\\Controllers\\GameController","callType":"->","function":"play"}
[2024-10-24T15:37:33.844994+00:00] GameLogger.INFO: Un jugador a hecho un movimiento a la columna {"columna":"7"} {"file":"/var/www/php/App/Controllers/GameController.php","line":46,"class":"Joc4enRatlla\\Controllers\\GameController","callType":"->","function":"play"}
[2024-10-24T15:37:44.373140+00:00] GameLogger.INFO: Un jugador a hecho un movimiento a la columna {"columna":"5"} {"file":"/var/www/php/App/Controllers/GameController.php","line":46,"class":"Joc4enRatlla\\Controllers\\GameController","callType":"->","function":"play"}
[2024-10-24T15:38:21.455481+00:00] GameLogger.INFO: Un jugador a hecho un movimiento a la columna {"columna":"6"} {"file":"/var/www/php/App/Controllers/GameController.php","line":46,"class":"Joc4enRatlla\\Controllers\\GameController","callType":"->","function":"play"}
[2024-10-24T15:38:22.239079+00:00] GameLogger.INFO: Un jugador a hecho un movimiento a la columna {"columna":"6"} {"file":"/var/www/php/App/Controllers/GameController.php","line":46,"class":"Joc4enRatlla\\Controllers\\GameController","callType":"->","function":"play"}
[2024-10-24T15:38:23.010807+00:00] GameLogger.INFO: Un jugador a hecho un movimiento a la columna {"columna":"6"} {"file":"/var/www/php/App/Controllers/GameController.php","line":46,"class":"Joc4enRatlla\\Controllers\\GameController","callType":"->","function":"play"}
[2024-10-24T15:38:23.766975+00:00] GameLogger.INFO: Un jugador a hecho un movimiento a la columna {"columna":"6"} {"file":"/var/www/php/App/Controllers/GameController.php","line":46,"class":"Joc4enRatlla\\Controllers\\GameController","callType":"->","function":"play"}
[2024-10-24T15:38:24.578612+00:00] GameLogger.INFO: Un jugador a hecho un movimiento a la columna {"columna":"6"} {"file":"/var/www/php/App/Controllers/GameController.php","line":46,"class":"Joc4enRatlla\\Controllers\\GameController","callType":"->","function":"play"}
[2024-10-24T15:38:28.473398+00:00] GameLogger.INFO: Un jugador a hecho un movimiento a la columna {"columna":"6"} {"file":"/var/www/php/App/Controllers/GameController.php","line":46,"class":"Joc4enRatlla\\Controllers\\GameController","callType":"->","function":"play"}
[2024-10-24T15:38:30.881503+00:00] GameLogger.INFO: Un jugador a hecho un movimiento a la columna {"columna":"4"} {"file":"/var/www/php/App/Controllers/GameController.php","line":46,"class":"Joc4enRatlla\\Controllers\\GameController","callType":"->","function":"play"}
[2024-10-24T15:38:31.533902+00:00] GameLogger.INFO: Un jugador a hecho un movimiento a la columna {"columna":"4"} {"file":"/var/www/php/App/Controllers/GameController.php","line":46,"class":"Joc4enRatlla\\Controllers\\GameController","callType":"->","function":"play"}
[2024-10-24T15:38:32.293734+00:00] GameLogger.INFO: Un jugador a hecho un movimiento a la columna {"columna":"4"} {"file":"/var/www/php/App/Controllers/GameController.php","line":46,"class":"Joc4enRatlla\\Controllers\\GameController","callType":"->","function":"play"}
[2024-10-24T15:38:35.565948+00:00] GameLogger.WARNING: Se ha cerrado el juego con esta tabla {"1":{"1":"buid","2":"buid","3":"player2","4":"buid","5":"player2","6":"player2","7":"player1"},"2":{"1":"buid","2":"buid","3":"player1","4":"buid","5":"player1","6":"player1","7":"player2"},"3":{"1":"buid","2":"buid","3":"player2","4":"buid","5":"player2","6":"player2","7":"player1"},"4":{"1":"buid","2":"buid","3":"player1","4":"player1","5":"player1","6":"player1","7":"player2"},"5":{"1":"buid","2":"buid","3":"player2","4":"player2","5":"player1","6":"player2","7":"player1"},"6":{"1":"buid","2":"buid","3":"player2","4":"player1","5":"player2","6":"player1","7":"player1"}} {"file":"/var/www/php/App/Controllers/GameController.php","line":53,"class":"Joc4enRatlla\\Controllers\\GameController","callType":"->","function":"play"}
[2024-10-24T15:38:36.880668+00:00] GameLogger.INFO: Un jugador a hecho un movimiento a la columna {"columna":"6"} {"file":"/var/www/php/App/Controllers/GameController.php","line":46,"class":"Joc4enRatlla\\Controllers\\GameController","callType":"->","function":"play"}
[2024-10-24T15:38:38.827785+00:00] GameLogger.INFO: Un jugador a hecho un movimiento a la columna {"columna":"6"} {"file":"/var/www/php/App/Controllers/GameController.php","line":46,"class":"Joc4enRatlla\\Controllers\\GameController","callType":"->","function":"play"}
[2024-10-24T15:38:40.282822+00:00] GameLogger.INFO: Un jugador a hecho un movimiento a la columna {"columna":"6"} {"file":"/var/www/php/App/Controllers/GameController.php","line":46,"class":"Joc4enRatlla\\Controllers\\GameController","callType":"->","function":"play"}
[2024-10-24T15:38:41.460690+00:00] GameLogger.INFO: Un jugador a hecho un movimiento a la columna {"columna":"6"} {"file":"/var/www/php/App/Controllers/GameController.php","line":46,"class":"Joc4enRatlla\\Controllers\\GameController","callType":"->","function":"play"}
[2024-10-24T15:38:43.274271+00:00] GameLogger.WARNING: Se ha cerrado el juego con esta tabla {"1":{"1":"buid","2":"buid","3":"buid","4":"buid","5":"buid","6":"buid","7":"buid"},"2":{"1":"buid","2":"buid","3":"buid","4":"buid","5":"buid","6":"buid","7":"buid"},"3":{"1":"buid","2":"buid","3":"buid","4":"buid","5":"buid","6":"player1","7":"buid"},"4":{"1":"buid","2":"buid","3":"buid","4":"buid","5":"buid","6":"player1","7":"buid"},"5":{"1":"buid","2":"buid","3":"buid","4":"buid","5":"buid","6":"player1","7":"buid"},"6":{"1":"buid","2":"buid","3":"player2","4":"player2","5":"player2","6":"player1","7":"buid"}} {"file":"/var/www/php/App/Controllers/GameController.php","line":53,"class":"Joc4enRatlla\\Controllers\\GameController","callType":"->","function":"play"}
[2024-10-24T15:39:34.362420+00:00] GameLogger.INFO: Un jugador a hecho un movimiento a la columna {"columna":"7"} {"file":"/var/www/php/App/Controllers/GameController.php","line":46,"class":"Joc4enRatlla\\Controllers\\GameController","callType":"->","function":"play"}
